<?xml version="1.0" encoding="UTF-8"?>
<coverage generated="1655606548872" clover="3.2.0">
  <project timestamp="1655606548872" name="All files">
    <metrics statements="112" coveredstatements="112" conditionals="115" coveredconditionals="115" methods="22" coveredmethods="22" elements="249" coveredelements="249" complexity="0" loc="112" ncloc="112" packages="1" files="4" classes="4"/>
    <file name="tennis1.js" path="/Users/ricardosoares/Google Drive (thedivloop@gmail.com)/Training/Refactoring/Tennis-Refactoring-Kata/javascript-jest/tennis1.js">
      <metrics statements="12" coveredstatements="12" conditionals="12" coveredconditionals="12" methods="1" coveredmethods="1"/>
      <line num="4" count="33" type="stmt"/>
      <line num="5" count="33" type="stmt"/>
      <line num="6" count="33" type="stmt"/>
      <line num="7" count="33" type="cond" truecount="2" falsecount="0"/>
      <line num="8" count="5" type="stmt"/>
      <line num="9" count="28" type="cond" truecount="4" falsecount="0"/>
      <line num="10" count="16" type="stmt"/>
      <line num="11" count="16" type="cond" truecount="6" falsecount="0"/>
      <line num="13" count="12" type="stmt"/>
      <line num="14" count="12" type="stmt"/>
      <line num="16" count="33" type="stmt"/>
      <line num="19" count="1" type="stmt"/>
    </file>
    <file name="tennis2.js" path="/Users/ricardosoares/Google Drive (thedivloop@gmail.com)/Training/Refactoring/Tennis-Refactoring-Kata/javascript-jest/tennis2.js">
      <metrics statements="59" coveredstatements="59" conditionals="76" coveredconditionals="76" methods="1" coveredmethods="1"/>
      <line num="4" count="33" type="stmt"/>
      <line num="6" count="33" type="cond" truecount="4" falsecount="0"/>
      <line num="7" count="3" type="cond" truecount="2" falsecount="0"/>
      <line num="8" count="1" type="stmt"/>
      <line num="10" count="3" type="cond" truecount="2" falsecount="0"/>
      <line num="11" count="1" type="stmt"/>
      <line num="13" count="3" type="cond" truecount="2" falsecount="0"/>
      <line num="14" count="1" type="stmt"/>
      <line num="16" count="3" type="stmt"/>
      <line num="18" count="33" type="cond" truecount="4" falsecount="0"/>
      <line num="19" count="2" type="stmt"/>
      <line num="24" count="33" type="cond" truecount="4" falsecount="0"/>
      <line num="25" count="4" type="cond" truecount="2" falsecount="0"/>
      <line num="26" count="1" type="stmt"/>
      <line num="28" count="4" type="cond" truecount="2" falsecount="0"/>
      <line num="29" count="1" type="stmt"/>
      <line num="31" count="4" type="cond" truecount="2" falsecount="0"/>
      <line num="32" count="1" type="stmt"/>
      <line num="35" count="4" type="stmt"/>
      <line num="36" count="4" type="stmt"/>
      <line num="38" count="33" type="cond" truecount="4" falsecount="0"/>
      <line num="39" count="4" type="cond" truecount="2" falsecount="0"/>
      <line num="40" count="1" type="stmt"/>
      <line num="42" count="4" type="cond" truecount="2" falsecount="0"/>
      <line num="43" count="1" type="stmt"/>
      <line num="45" count="4" type="cond" truecount="2" falsecount="0"/>
      <line num="46" count="1" type="stmt"/>
      <line num="49" count="4" type="stmt"/>
      <line num="50" count="4" type="stmt"/>
      <line num="53" count="33" type="cond" truecount="4" falsecount="0"/>
      <line num="54" count="6" type="cond" truecount="2" falsecount="0"/>
      <line num="55" count="2" type="stmt"/>
      <line num="57" count="6" type="cond" truecount="2" falsecount="0"/>
      <line num="58" count="3" type="stmt"/>
      <line num="60" count="6" type="cond" truecount="2" falsecount="0"/>
      <line num="61" count="2" type="stmt"/>
      <line num="63" count="6" type="cond" truecount="2" falsecount="0"/>
      <line num="64" count="1" type="stmt"/>
      <line num="66" count="6" type="stmt"/>
      <line num="68" count="33" type="cond" truecount="4" falsecount="0"/>
      <line num="69" count="6" type="cond" truecount="2" falsecount="0"/>
      <line num="70" count="2" type="stmt"/>
      <line num="72" count="6" type="cond" truecount="2" falsecount="0"/>
      <line num="73" count="3" type="stmt"/>
      <line num="75" count="6" type="cond" truecount="2" falsecount="0"/>
      <line num="76" count="2" type="stmt"/>
      <line num="78" count="6" type="cond" truecount="2" falsecount="0"/>
      <line num="79" count="1" type="stmt"/>
      <line num="81" count="6" type="stmt"/>
      <line num="84" count="33" type="cond" truecount="4" falsecount="0"/>
      <line num="85" count="5" type="stmt"/>
      <line num="88" count="33" type="cond" truecount="4" falsecount="0"/>
      <line num="89" count="5" type="stmt"/>
      <line num="92" count="33" type="cond" truecount="5" falsecount="0"/>
      <line num="93" count="5" type="stmt"/>
      <line num="95" count="33" type="cond" truecount="5" falsecount="0"/>
      <line num="96" count="5" type="stmt"/>
      <line num="98" count="33" type="stmt"/>
      <line num="101" count="1" type="stmt"/>
    </file>
    <file name="tennis3.js" path="/Users/ricardosoares/Google Drive (thedivloop@gmail.com)/Training/Refactoring/Tennis-Refactoring-Kata/javascript-jest/tennis3.js">
      <metrics statements="11" coveredstatements="11" conditionals="13" coveredconditionals="13" methods="1" coveredmethods="1"/>
      <line num="5" count="33" type="stmt"/>
      <line num="6" count="33" type="stmt"/>
      <line num="7" count="33" type="cond" truecount="5" falsecount="0"/>
      <line num="8" count="15" type="stmt"/>
      <line num="9" count="15" type="stmt"/>
      <line num="10" count="15" type="cond" truecount="2" falsecount="0"/>
      <line num="12" count="18" type="cond" truecount="2" falsecount="0"/>
      <line num="13" count="2" type="stmt"/>
      <line num="15" count="16" type="cond" truecount="2" falsecount="0"/>
      <line num="16" count="16" type="cond" truecount="2" falsecount="0"/>
      <line num="20" count="1" type="stmt"/>
    </file>
    <file name="tennis4.js" path="/Users/ricardosoares/Google Drive (thedivloop@gmail.com)/Training/Refactoring/Tennis-Refactoring-Kata/javascript-jest/tennis4.js">
      <metrics statements="30" coveredstatements="30" conditionals="14" coveredconditionals="14" methods="19" coveredmethods="19"/>
      <line num="3" count="1" type="stmt"/>
      <line num="4" count="1" type="stmt"/>
      <line num="5" count="1" type="stmt"/>
      <line num="20" count="33" type="stmt"/>
      <line num="21" count="33" type="stmt"/>
      <line num="25" count="27" type="stmt"/>
      <line num="29" count="3" type="stmt"/>
      <line num="33" count="10" type="stmt"/>
      <line num="37" count="6" type="stmt"/>
      <line num="41" count="12" type="stmt"/>
      <line num="45" count="2" type="stmt"/>
      <line num="49" count="49" type="stmt"/>
      <line num="53" count="46" type="stmt"/>
      <line num="57" count="33" type="stmt"/>
      <line num="60" count="28" type="cond" truecount="3" falsecount="0"/>
      <line num="63" count="18" type="cond" truecount="3" falsecount="0"/>
      <line num="67" count="5" type="cond" truecount="2" falsecount="0"/>
      <line num="68" count="3" type="stmt"/>
      <line num="70" count="2" type="stmt"/>
      <line num="73" count="10" type="stmt"/>
      <line num="76" count="6" type="stmt"/>
      <line num="80" count="12" type="stmt"/>
      <line num="86" count="66" type="stmt"/>
      <line num="87" count="66" type="stmt"/>
      <line num="93" count="33" type="stmt"/>
      <line num="94" count="33" type="cond" truecount="2" falsecount="0"/>
      <line num="95" count="28" type="cond" truecount="2" falsecount="0"/>
      <line num="96" count="18" type="cond" truecount="2" falsecount="0"/>
      <line num="97" count="12" type="stmt"/>
      <line num="100" count="1" type="stmt"/>
    </file>
  </project>
</coverage>
