{"/Users/ricardosoares/Google Drive (thedivloop@gmail.com)/Training/Refactoring/Tennis-Refactoring-Kata/javascript-jest/tennis1.js": {"path":"/Users/ricardosoares/Google Drive (thedivloop@gmail.com)/Training/Refactoring/Tennis-Refactoring-Kata/javascript-jest/tennis1.js","statementMap":{"0":{"start":{"line":4,"column":20},"end":{"line":4,"column":67}},"1":{"start":{"line":5,"column":14},"end":{"line":5,"column":16}},"2":{"start":{"line":6,"column":18},"end":{"line":6,"column":19}},"3":{"start":{"line":7,"column":2},"end":{"line":15,"column":3}},"4":{"start":{"line":8,"column":4},"end":{"line":8,"column":44}},"5":{"start":{"line":9,"column":9},"end":{"line":15,"column":3}},"6":{"start":{"line":10,"column":27},"end":{"line":10,"column":56}},"7":{"start":{"line":11,"column":4},"end":{"line":11,"column":147}},"8":{"start":{"line":13,"column":28},"end":{"line":13,"column":63}},"9":{"start":{"line":14,"column":4},"end":{"line":14,"column":68}},"10":{"start":{"line":16,"column":2},"end":{"line":16,"column":15}},"11":{"start":{"line":19,"column":0},"end":{"line":19,"column":27}}},"fnMap":{"0":{"name":"getScore1","decl":{"start":{"line":3,"column":9},"end":{"line":3,"column":18}},"loc":{"start":{"line":3,"column":39},"end":{"line":17,"column":1}},"line":3}},"branchMap":{"0":{"loc":{"start":{"line":7,"column":2},"end":{"line":15,"column":3}},"type":"if","locations":[{"start":{"line":7,"column":2},"end":{"line":15,"column":3}},{"start":{"line":9,"column":9},"end":{"line":15,"column":3}}],"line":7},"1":{"loc":{"start":{"line":9,"column":9},"end":{"line":15,"column":3}},"type":"if","locations":[{"start":{"line":9,"column":9},"end":{"line":15,"column":3}},{"start":{"line":12,"column":9},"end":{"line":15,"column":3}}],"line":9},"2":{"loc":{"start":{"line":9,"column":13},"end":{"line":9,"column":43}},"type":"binary-expr","locations":[{"start":{"line":9,"column":13},"end":{"line":9,"column":26}},{"start":{"line":9,"column":30},"end":{"line":9,"column":43}}],"line":9},"3":{"loc":{"start":{"line":11,"column":13},"end":{"line":11,"column":146}},"type":"cond-expr","locations":[{"start":{"line":11,"column":37},"end":{"line":11,"column":91}},{"start":{"line":11,"column":94},"end":{"line":11,"column":146}}],"line":11},"4":{"loc":{"start":{"line":11,"column":59},"end":{"line":11,"column":90}},"type":"cond-expr","locations":[{"start":{"line":11,"column":81},"end":{"line":11,"column":84}},{"start":{"line":11,"column":87},"end":{"line":11,"column":90}}],"line":11},"5":{"loc":{"start":{"line":11,"column":114},"end":{"line":11,"column":145}},"type":"cond-expr","locations":[{"start":{"line":11,"column":136},"end":{"line":11,"column":139}},{"start":{"line":11,"column":142},"end":{"line":11,"column":145}}],"line":11}},"s":{"0":33,"1":33,"2":33,"3":33,"4":5,"5":28,"6":16,"7":16,"8":12,"9":12,"10":33,"11":1},"f":{"0":33},"b":{"0":[5,28],"1":[16,12],"2":[28,16],"3":[6,10],"4":[3,3],"5":[5,5]},"_coverageSchema":"1a1c01bbd47fc00a2c39e90264f33305004495a9","hash":"054538beca33986df03a4ef59190444d5d92cd48"}
,"/Users/ricardosoares/Google Drive (thedivloop@gmail.com)/Training/Refactoring/Tennis-Refactoring-Kata/javascript-jest/tennis2.js": {"path":"/Users/ricardosoares/Google Drive (thedivloop@gmail.com)/Training/Refactoring/Tennis-Refactoring-Kata/javascript-jest/tennis2.js","statementMap":{"0":{"start":{"line":4,"column":16},"end":{"line":4,"column":18}},"1":{"start":{"line":6,"column":4},"end":{"line":17,"column":5}},"2":{"start":{"line":7,"column":8},"end":{"line":9,"column":9}},"3":{"start":{"line":8,"column":12},"end":{"line":8,"column":27}},"4":{"start":{"line":10,"column":8},"end":{"line":12,"column":9}},"5":{"start":{"line":11,"column":12},"end":{"line":11,"column":30}},"6":{"start":{"line":13,"column":8},"end":{"line":15,"column":9}},"7":{"start":{"line":14,"column":12},"end":{"line":14,"column":29}},"8":{"start":{"line":16,"column":8},"end":{"line":16,"column":24}},"9":{"start":{"line":18,"column":4},"end":{"line":20,"column":5}},"10":{"start":{"line":19,"column":8},"end":{"line":19,"column":24}},"11":{"start":{"line":24,"column":4},"end":{"line":37,"column":5}},"12":{"start":{"line":25,"column":8},"end":{"line":27,"column":9}},"13":{"start":{"line":26,"column":12},"end":{"line":26,"column":30}},"14":{"start":{"line":28,"column":8},"end":{"line":30,"column":9}},"15":{"start":{"line":29,"column":12},"end":{"line":29,"column":29}},"16":{"start":{"line":31,"column":8},"end":{"line":33,"column":9}},"17":{"start":{"line":32,"column":12},"end":{"line":32,"column":28}},"18":{"start":{"line":35,"column":8},"end":{"line":35,"column":23}},"19":{"start":{"line":36,"column":8},"end":{"line":36,"column":36}},"20":{"start":{"line":38,"column":4},"end":{"line":51,"column":5}},"21":{"start":{"line":39,"column":8},"end":{"line":41,"column":9}},"22":{"start":{"line":40,"column":12},"end":{"line":40,"column":30}},"23":{"start":{"line":42,"column":8},"end":{"line":44,"column":9}},"24":{"start":{"line":43,"column":12},"end":{"line":43,"column":29}},"25":{"start":{"line":45,"column":8},"end":{"line":47,"column":9}},"26":{"start":{"line":46,"column":12},"end":{"line":46,"column":28}},"27":{"start":{"line":49,"column":8},"end":{"line":49,"column":23}},"28":{"start":{"line":50,"column":8},"end":{"line":50,"column":36}},"29":{"start":{"line":53,"column":4},"end":{"line":67,"column":5}},"30":{"start":{"line":54,"column":8},"end":{"line":56,"column":9}},"31":{"start":{"line":55,"column":12},"end":{"line":55,"column":29}},"32":{"start":{"line":57,"column":8},"end":{"line":59,"column":9}},"33":{"start":{"line":58,"column":12},"end":{"line":58,"column":28}},"34":{"start":{"line":60,"column":8},"end":{"line":62,"column":9}},"35":{"start":{"line":61,"column":12},"end":{"line":61,"column":30}},"36":{"start":{"line":63,"column":8},"end":{"line":65,"column":9}},"37":{"start":{"line":64,"column":12},"end":{"line":64,"column":29}},"38":{"start":{"line":66,"column":8},"end":{"line":66,"column":36}},"39":{"start":{"line":68,"column":4},"end":{"line":82,"column":5}},"40":{"start":{"line":69,"column":8},"end":{"line":71,"column":9}},"41":{"start":{"line":70,"column":12},"end":{"line":70,"column":29}},"42":{"start":{"line":72,"column":8},"end":{"line":74,"column":9}},"43":{"start":{"line":73,"column":12},"end":{"line":73,"column":28}},"44":{"start":{"line":75,"column":8},"end":{"line":77,"column":9}},"45":{"start":{"line":76,"column":12},"end":{"line":76,"column":30}},"46":{"start":{"line":78,"column":8},"end":{"line":80,"column":9}},"47":{"start":{"line":79,"column":12},"end":{"line":79,"column":29}},"48":{"start":{"line":81,"column":8},"end":{"line":81,"column":36}},"49":{"start":{"line":84,"column":4},"end":{"line":86,"column":5}},"50":{"start":{"line":85,"column":8},"end":{"line":85,"column":36}},"51":{"start":{"line":88,"column":4},"end":{"line":90,"column":5}},"52":{"start":{"line":89,"column":8},"end":{"line":89,"column":36}},"53":{"start":{"line":92,"column":4},"end":{"line":94,"column":5}},"54":{"start":{"line":93,"column":8},"end":{"line":93,"column":34}},"55":{"start":{"line":95,"column":4},"end":{"line":97,"column":5}},"56":{"start":{"line":96,"column":8},"end":{"line":96,"column":34}},"57":{"start":{"line":98,"column":4},"end":{"line":98,"column":17}},"58":{"start":{"line":101,"column":0},"end":{"line":101,"column":27}}},"fnMap":{"0":{"name":"getScore2","decl":{"start":{"line":3,"column":9},"end":{"line":3,"column":18}},"loc":{"start":{"line":3,"column":37},"end":{"line":99,"column":1}},"line":3}},"branchMap":{"0":{"loc":{"start":{"line":6,"column":4},"end":{"line":17,"column":5}},"type":"if","locations":[{"start":{"line":6,"column":4},"end":{"line":17,"column":5}},{"start":{},"end":{}}],"line":6},"1":{"loc":{"start":{"line":6,"column":8},"end":{"line":6,"column":42}},"type":"binary-expr","locations":[{"start":{"line":6,"column":8},"end":{"line":6,"column":27}},{"start":{"line":6,"column":31},"end":{"line":6,"column":42}}],"line":6},"2":{"loc":{"start":{"line":7,"column":8},"end":{"line":9,"column":9}},"type":"if","locations":[{"start":{"line":7,"column":8},"end":{"line":9,"column":9}},{"start":{},"end":{}}],"line":7},"3":{"loc":{"start":{"line":10,"column":8},"end":{"line":12,"column":9}},"type":"if","locations":[{"start":{"line":10,"column":8},"end":{"line":12,"column":9}},{"start":{},"end":{}}],"line":10},"4":{"loc":{"start":{"line":13,"column":8},"end":{"line":15,"column":9}},"type":"if","locations":[{"start":{"line":13,"column":8},"end":{"line":15,"column":9}},{"start":{},"end":{}}],"line":13},"5":{"loc":{"start":{"line":18,"column":4},"end":{"line":20,"column":5}},"type":"if","locations":[{"start":{"line":18,"column":4},"end":{"line":20,"column":5}},{"start":{},"end":{}}],"line":18},"6":{"loc":{"start":{"line":18,"column":8},"end":{"line":18,"column":42}},"type":"binary-expr","locations":[{"start":{"line":18,"column":8},"end":{"line":18,"column":27}},{"start":{"line":18,"column":31},"end":{"line":18,"column":42}}],"line":18},"7":{"loc":{"start":{"line":24,"column":4},"end":{"line":37,"column":5}},"type":"if","locations":[{"start":{"line":24,"column":4},"end":{"line":37,"column":5}},{"start":{},"end":{}}],"line":24},"8":{"loc":{"start":{"line":24,"column":8},"end":{"line":24,"column":36}},"type":"binary-expr","locations":[{"start":{"line":24,"column":8},"end":{"line":24,"column":19}},{"start":{"line":24,"column":23},"end":{"line":24,"column":36}}],"line":24},"9":{"loc":{"start":{"line":25,"column":8},"end":{"line":27,"column":9}},"type":"if","locations":[{"start":{"line":25,"column":8},"end":{"line":27,"column":9}},{"start":{},"end":{}}],"line":25},"10":{"loc":{"start":{"line":28,"column":8},"end":{"line":30,"column":9}},"type":"if","locations":[{"start":{"line":28,"column":8},"end":{"line":30,"column":9}},{"start":{},"end":{}}],"line":28},"11":{"loc":{"start":{"line":31,"column":8},"end":{"line":33,"column":9}},"type":"if","locations":[{"start":{"line":31,"column":8},"end":{"line":33,"column":9}},{"start":{},"end":{}}],"line":31},"12":{"loc":{"start":{"line":38,"column":4},"end":{"line":51,"column":5}},"type":"if","locations":[{"start":{"line":38,"column":4},"end":{"line":51,"column":5}},{"start":{},"end":{}}],"line":38},"13":{"loc":{"start":{"line":38,"column":8},"end":{"line":38,"column":36}},"type":"binary-expr","locations":[{"start":{"line":38,"column":8},"end":{"line":38,"column":19}},{"start":{"line":38,"column":23},"end":{"line":38,"column":36}}],"line":38},"14":{"loc":{"start":{"line":39,"column":8},"end":{"line":41,"column":9}},"type":"if","locations":[{"start":{"line":39,"column":8},"end":{"line":41,"column":9}},{"start":{},"end":{}}],"line":39},"15":{"loc":{"start":{"line":42,"column":8},"end":{"line":44,"column":9}},"type":"if","locations":[{"start":{"line":42,"column":8},"end":{"line":44,"column":9}},{"start":{},"end":{}}],"line":42},"16":{"loc":{"start":{"line":45,"column":8},"end":{"line":47,"column":9}},"type":"if","locations":[{"start":{"line":45,"column":8},"end":{"line":47,"column":9}},{"start":{},"end":{}}],"line":45},"17":{"loc":{"start":{"line":53,"column":4},"end":{"line":67,"column":5}},"type":"if","locations":[{"start":{"line":53,"column":4},"end":{"line":67,"column":5}},{"start":{},"end":{}}],"line":53},"18":{"loc":{"start":{"line":53,"column":8},"end":{"line":53,"column":40}},"type":"binary-expr","locations":[{"start":{"line":53,"column":8},"end":{"line":53,"column":25}},{"start":{"line":53,"column":29},"end":{"line":53,"column":40}}],"line":53},"19":{"loc":{"start":{"line":54,"column":8},"end":{"line":56,"column":9}},"type":"if","locations":[{"start":{"line":54,"column":8},"end":{"line":56,"column":9}},{"start":{},"end":{}}],"line":54},"20":{"loc":{"start":{"line":57,"column":8},"end":{"line":59,"column":9}},"type":"if","locations":[{"start":{"line":57,"column":8},"end":{"line":59,"column":9}},{"start":{},"end":{}}],"line":57},"21":{"loc":{"start":{"line":60,"column":8},"end":{"line":62,"column":9}},"type":"if","locations":[{"start":{"line":60,"column":8},"end":{"line":62,"column":9}},{"start":{},"end":{}}],"line":60},"22":{"loc":{"start":{"line":63,"column":8},"end":{"line":65,"column":9}},"type":"if","locations":[{"start":{"line":63,"column":8},"end":{"line":65,"column":9}},{"start":{},"end":{}}],"line":63},"23":{"loc":{"start":{"line":68,"column":4},"end":{"line":82,"column":5}},"type":"if","locations":[{"start":{"line":68,"column":4},"end":{"line":82,"column":5}},{"start":{},"end":{}}],"line":68},"24":{"loc":{"start":{"line":68,"column":8},"end":{"line":68,"column":40}},"type":"binary-expr","locations":[{"start":{"line":68,"column":8},"end":{"line":68,"column":25}},{"start":{"line":68,"column":29},"end":{"line":68,"column":40}}],"line":68},"25":{"loc":{"start":{"line":69,"column":8},"end":{"line":71,"column":9}},"type":"if","locations":[{"start":{"line":69,"column":8},"end":{"line":71,"column":9}},{"start":{},"end":{}}],"line":69},"26":{"loc":{"start":{"line":72,"column":8},"end":{"line":74,"column":9}},"type":"if","locations":[{"start":{"line":72,"column":8},"end":{"line":74,"column":9}},{"start":{},"end":{}}],"line":72},"27":{"loc":{"start":{"line":75,"column":8},"end":{"line":77,"column":9}},"type":"if","locations":[{"start":{"line":75,"column":8},"end":{"line":77,"column":9}},{"start":{},"end":{}}],"line":75},"28":{"loc":{"start":{"line":78,"column":8},"end":{"line":80,"column":9}},"type":"if","locations":[{"start":{"line":78,"column":8},"end":{"line":80,"column":9}},{"start":{},"end":{}}],"line":78},"29":{"loc":{"start":{"line":84,"column":4},"end":{"line":86,"column":5}},"type":"if","locations":[{"start":{"line":84,"column":4},"end":{"line":86,"column":5}},{"start":{},"end":{}}],"line":84},"30":{"loc":{"start":{"line":84,"column":8},"end":{"line":84,"column":41}},"type":"binary-expr","locations":[{"start":{"line":84,"column":8},"end":{"line":84,"column":25}},{"start":{"line":84,"column":29},"end":{"line":84,"column":41}}],"line":84},"31":{"loc":{"start":{"line":88,"column":4},"end":{"line":90,"column":5}},"type":"if","locations":[{"start":{"line":88,"column":4},"end":{"line":90,"column":5}},{"start":{},"end":{}}],"line":88},"32":{"loc":{"start":{"line":88,"column":8},"end":{"line":88,"column":41}},"type":"binary-expr","locations":[{"start":{"line":88,"column":8},"end":{"line":88,"column":25}},{"start":{"line":88,"column":29},"end":{"line":88,"column":41}}],"line":88},"33":{"loc":{"start":{"line":92,"column":4},"end":{"line":94,"column":5}},"type":"if","locations":[{"start":{"line":92,"column":4},"end":{"line":94,"column":5}},{"start":{},"end":{}}],"line":92},"34":{"loc":{"start":{"line":92,"column":8},"end":{"line":92,"column":64}},"type":"binary-expr","locations":[{"start":{"line":92,"column":8},"end":{"line":92,"column":20}},{"start":{"line":92,"column":24},"end":{"line":92,"column":36}},{"start":{"line":92,"column":40},"end":{"line":92,"column":64}}],"line":92},"35":{"loc":{"start":{"line":95,"column":4},"end":{"line":97,"column":5}},"type":"if","locations":[{"start":{"line":95,"column":4},"end":{"line":97,"column":5}},{"start":{},"end":{}}],"line":95},"36":{"loc":{"start":{"line":95,"column":8},"end":{"line":95,"column":64}},"type":"binary-expr","locations":[{"start":{"line":95,"column":8},"end":{"line":95,"column":20}},{"start":{"line":95,"column":24},"end":{"line":95,"column":36}},{"start":{"line":95,"column":40},"end":{"line":95,"column":64}}],"line":95}},"s":{"0":33,"1":33,"2":3,"3":1,"4":3,"5":1,"6":3,"7":1,"8":3,"9":33,"10":2,"11":33,"12":4,"13":1,"14":4,"15":1,"16":4,"17":1,"18":4,"19":4,"20":33,"21":4,"22":1,"23":4,"24":1,"25":4,"26":1,"27":4,"28":4,"29":33,"30":6,"31":2,"32":6,"33":3,"34":6,"35":2,"36":6,"37":1,"38":6,"39":33,"40":6,"41":2,"42":6,"43":3,"44":6,"45":2,"46":6,"47":1,"48":6,"49":33,"50":5,"51":33,"52":5,"53":33,"54":5,"55":33,"56":5,"57":33,"58":1},"f":{"0":33},"b":{"0":[3,30],"1":[33,5],"2":[1,2],"3":[1,2],"4":[1,2],"5":[2,31],"6":[33,5],"7":[4,29],"8":[33,28],"9":[1,3],"10":[1,3],"11":[1,3],"12":[4,29],"13":[33,28],"14":[1,3],"15":[1,3],"16":[1,3],"17":[6,27],"18":[33,14],"19":[2,4],"20":[3,3],"21":[2,4],"22":[1,5],"23":[6,27],"24":[33,14],"25":[2,4],"26":[3,3],"27":[2,4],"28":[1,5],"29":[5,28],"30":[33,14],"31":[5,28],"32":[33,14],"33":[5,28],"34":[33,13,13],"35":[5,28],"36":[33,13,13]},"_coverageSchema":"1a1c01bbd47fc00a2c39e90264f33305004495a9","hash":"e97fb67a935ead984d0798ddef86265131998209"}
,"/Users/ricardosoares/Google Drive (thedivloop@gmail.com)/Training/Refactoring/Tennis-Refactoring-Kata/javascript-jest/tennis3.js": {"path":"/Users/ricardosoares/Google Drive (thedivloop@gmail.com)/Training/Refactoring/Tennis-Refactoring-Kata/javascript-jest/tennis3.js","statementMap":{"0":{"start":{"line":5,"column":14},"end":{"line":5,"column":23}},"1":{"start":{"line":6,"column":14},"end":{"line":6,"column":23}},"2":{"start":{"line":7,"column":4},"end":{"line":17,"column":5}},"3":{"start":{"line":8,"column":16},"end":{"line":8,"column":54}},"4":{"start":{"line":9,"column":8},"end":{"line":9,"column":18}},"5":{"start":{"line":10,"column":8},"end":{"line":10,"column":58}},"6":{"start":{"line":12,"column":8},"end":{"line":14,"column":9}},"7":{"start":{"line":13,"column":12},"end":{"line":13,"column":27}},"8":{"start":{"line":15,"column":8},"end":{"line":15,"column":32}},"9":{"start":{"line":16,"column":8},"end":{"line":16,"column":81}},"10":{"start":{"line":20,"column":0},"end":{"line":20,"column":27}}},"fnMap":{"0":{"name":"getScore3","decl":{"start":{"line":3,"column":9},"end":{"line":3,"column":18}},"loc":{"start":{"line":3,"column":27},"end":{"line":18,"column":1}},"line":3}},"branchMap":{"0":{"loc":{"start":{"line":7,"column":4},"end":{"line":17,"column":5}},"type":"if","locations":[{"start":{"line":7,"column":4},"end":{"line":17,"column":5}},{"start":{"line":11,"column":11},"end":{"line":17,"column":5}}],"line":7},"1":{"loc":{"start":{"line":7,"column":8},"end":{"line":7,"column":43}},"type":"binary-expr","locations":[{"start":{"line":7,"column":9},"end":{"line":7,"column":15}},{"start":{"line":7,"column":19},"end":{"line":7,"column":25}},{"start":{"line":7,"column":31},"end":{"line":7,"column":42}}],"line":7},"2":{"loc":{"start":{"line":10,"column":15},"end":{"line":10,"column":57}},"type":"cond-expr","locations":[{"start":{"line":10,"column":29},"end":{"line":10,"column":39}},{"start":{"line":10,"column":42},"end":{"line":10,"column":57}}],"line":10},"3":{"loc":{"start":{"line":12,"column":8},"end":{"line":14,"column":9}},"type":"if","locations":[{"start":{"line":12,"column":8},"end":{"line":14,"column":9}},{"start":{},"end":{}}],"line":12},"4":{"loc":{"start":{"line":15,"column":12},"end":{"line":15,"column":31}},"type":"cond-expr","locations":[{"start":{"line":15,"column":22},"end":{"line":15,"column":25}},{"start":{"line":15,"column":28},"end":{"line":15,"column":31}}],"line":15},"5":{"loc":{"start":{"line":16,"column":15},"end":{"line":16,"column":80}},"type":"cond-expr","locations":[{"start":{"line":16,"column":47},"end":{"line":16,"column":63}},{"start":{"line":16,"column":66},"end":{"line":16,"column":80}}],"line":16}},"s":{"0":33,"1":33,"2":33,"3":15,"4":15,"5":15,"6":18,"7":2,"8":16,"9":16,"10":1},"f":{"0":33},"b":{"0":[15,18],"1":[33,20,16],"2":[3,12],"3":[2,16],"4":[8,8],"5":[6,10]},"_coverageSchema":"1a1c01bbd47fc00a2c39e90264f33305004495a9","hash":"2f4fd57412c2acd2f581450057537cb9b433a739"}
,"/Users/ricardosoares/Google Drive (thedivloop@gmail.com)/Training/Refactoring/Tennis-Refactoring-Kata/javascript-jest/tennis4.js": {"path":"/Users/ricardosoares/Google Drive (thedivloop@gmail.com)/Training/Refactoring/Tennis-Refactoring-Kata/javascript-jest/tennis4.js","statementMap":{"0":{"start":{"line":3,"column":15},"end":{"line":16,"column":4}},"1":{"start":{"line":4,"column":21},"end":{"line":4,"column":56}},"2":{"start":{"line":5,"column":2},"end":{"line":15,"column":3}},"3":{"start":{"line":20,"column":4},"end":{"line":20,"column":35}},"4":{"start":{"line":21,"column":4},"end":{"line":21,"column":38}},"5":{"start":{"line":25,"column":4},"end":{"line":25,"column":29}},"6":{"start":{"line":29,"column":4},"end":{"line":29,"column":35}},"7":{"start":{"line":33,"column":4},"end":{"line":33,"column":34}},"8":{"start":{"line":37,"column":4},"end":{"line":37,"column":40}},"9":{"start":{"line":41,"column":4},"end":{"line":41,"column":39}},"10":{"start":{"line":45,"column":4},"end":{"line":45,"column":29}},"11":{"start":{"line":49,"column":4},"end":{"line":49,"column":30}},"12":{"start":{"line":53,"column":4},"end":{"line":53,"column":39}},"13":{"start":{"line":57,"column":4},"end":{"line":57,"column":66}},"14":{"start":{"line":60,"column":4},"end":{"line":60,"column":198}},"15":{"start":{"line":63,"column":4},"end":{"line":63,"column":200}},"16":{"start":{"line":67,"column":4},"end":{"line":69,"column":5}},"17":{"start":{"line":68,"column":6},"end":{"line":68,"column":75}},"18":{"start":{"line":70,"column":4},"end":{"line":70,"column":26}},"19":{"start":{"line":73,"column":4},"end":{"line":73,"column":113}},"20":{"start":{"line":76,"column":4},"end":{"line":76,"column":119}},"21":{"start":{"line":80,"column":4},"end":{"line":80,"column":123}},"22":{"start":{"line":86,"column":4},"end":{"line":86,"column":21}},"23":{"start":{"line":87,"column":4},"end":{"line":87,"column":23}},"24":{"start":{"line":93,"column":17},"end":{"line":93,"column":89}},"25":{"start":{"line":94,"column":2},"end":{"line":94,"column":52}},"26":{"start":{"line":94,"column":23},"end":{"line":94,"column":52}},"27":{"start":{"line":95,"column":2},"end":{"line":95,"column":50}},"28":{"start":{"line":95,"column":22},"end":{"line":95,"column":50}},"29":{"start":{"line":96,"column":2},"end":{"line":96,"column":62}},"30":{"start":{"line":96,"column":28},"end":{"line":96,"column":62}},"31":{"start":{"line":97,"column":2},"end":{"line":97,"column":31}},"32":{"start":{"line":100,"column":0},"end":{"line":100,"column":43}}},"fnMap":{"0":{"name":"(anonymous_0)","decl":{"start":{"line":3,"column":16},"end":{"line":3,"column":17}},"loc":{"start":{"line":3,"column":22},"end":{"line":16,"column":1}},"line":3},"1":{"name":"(anonymous_1)","decl":{"start":{"line":19,"column":2},"end":{"line":19,"column":3}},"loc":{"start":{"line":19,"column":27},"end":{"line":22,"column":3}},"line":19},"2":{"name":"(anonymous_2)","decl":{"start":{"line":24,"column":2},"end":{"line":24,"column":3}},"loc":{"start":{"line":24,"column":25},"end":{"line":26,"column":3}},"line":24},"3":{"name":"(anonymous_3)","decl":{"start":{"line":28,"column":2},"end":{"line":28,"column":3}},"loc":{"start":{"line":28,"column":30},"end":{"line":30,"column":3}},"line":28},"4":{"name":"(anonymous_4)","decl":{"start":{"line":32,"column":2},"end":{"line":32,"column":3}},"loc":{"start":{"line":32,"column":29},"end":{"line":34,"column":3}},"line":32},"5":{"name":"(anonymous_5)","decl":{"start":{"line":36,"column":2},"end":{"line":36,"column":3}},"loc":{"start":{"line":36,"column":35},"end":{"line":38,"column":3}},"line":36},"6":{"name":"(anonymous_6)","decl":{"start":{"line":40,"column":2},"end":{"line":40,"column":3}},"loc":{"start":{"line":40,"column":34},"end":{"line":42,"column":3}},"line":40},"7":{"name":"(anonymous_7)","decl":{"start":{"line":44,"column":2},"end":{"line":44,"column":3}},"loc":{"start":{"line":44,"column":25},"end":{"line":46,"column":3}},"line":44},"8":{"name":"(anonymous_8)","decl":{"start":{"line":48,"column":2},"end":{"line":48,"column":3}},"loc":{"start":{"line":48,"column":26},"end":{"line":50,"column":3}},"line":48},"9":{"name":"(anonymous_9)","decl":{"start":{"line":52,"column":2},"end":{"line":52,"column":3}},"loc":{"start":{"line":52,"column":35},"end":{"line":54,"column":3}},"line":52},"10":{"name":"(anonymous_10)","decl":{"start":{"line":56,"column":2},"end":{"line":56,"column":3}},"loc":{"start":{"line":56,"column":11},"end":{"line":58,"column":3}},"line":56},"11":{"name":"(anonymous_11)","decl":{"start":{"line":59,"column":2},"end":{"line":59,"column":3}},"loc":{"start":{"line":59,"column":10},"end":{"line":61,"column":3}},"line":59},"12":{"name":"(anonymous_12)","decl":{"start":{"line":62,"column":2},"end":{"line":62,"column":3}},"loc":{"start":{"line":62,"column":16},"end":{"line":64,"column":3}},"line":62},"13":{"name":"(anonymous_13)","decl":{"start":{"line":66,"column":2},"end":{"line":66,"column":3}},"loc":{"start":{"line":66,"column":17},"end":{"line":71,"column":3}},"line":66},"14":{"name":"(anonymous_14)","decl":{"start":{"line":72,"column":2},"end":{"line":72,"column":3}},"loc":{"start":{"line":72,"column":16},"end":{"line":74,"column":3}},"line":72},"15":{"name":"(anonymous_15)","decl":{"start":{"line":75,"column":2},"end":{"line":75,"column":3}},"loc":{"start":{"line":75,"column":22},"end":{"line":78,"column":3}},"line":75},"16":{"name":"(anonymous_16)","decl":{"start":{"line":79,"column":2},"end":{"line":79,"column":3}},"loc":{"start":{"line":79,"column":17},"end":{"line":81,"column":3}},"line":79},"17":{"name":"(anonymous_17)","decl":{"start":{"line":85,"column":2},"end":{"line":85,"column":3}},"loc":{"start":{"line":85,"column":26},"end":{"line":88,"column":3}},"line":85},"18":{"name":"getScore4","decl":{"start":{"line":91,"column":9},"end":{"line":91,"column":18}},"loc":{"start":{"line":91,"column":49},"end":{"line":98,"column":1}},"line":91}},"branchMap":{"0":{"loc":{"start":{"line":60,"column":11},"end":{"line":60,"column":197}},"type":"binary-expr","locations":[{"start":{"line":60,"column":11},"end":{"line":60,"column":101}},{"start":{"line":60,"column":106},"end":{"line":60,"column":149}},{"start":{"line":60,"column":153},"end":{"line":60,"column":196}}],"line":60},"1":{"loc":{"start":{"line":63,"column":11},"end":{"line":63,"column":199}},"type":"binary-expr","locations":[{"start":{"line":63,"column":11},"end":{"line":63,"column":103}},{"start":{"line":63,"column":108},"end":{"line":63,"column":151}},{"start":{"line":63,"column":155},"end":{"line":63,"column":198}}],"line":63},"2":{"loc":{"start":{"line":67,"column":4},"end":{"line":69,"column":5}},"type":"if","locations":[{"start":{"line":67,"column":4},"end":{"line":69,"column":5}},{"start":{},"end":{}}],"line":67},"3":{"loc":{"start":{"line":94,"column":2},"end":{"line":94,"column":52}},"type":"if","locations":[{"start":{"line":94,"column":2},"end":{"line":94,"column":52}},{"start":{},"end":{}}],"line":94},"4":{"loc":{"start":{"line":95,"column":2},"end":{"line":95,"column":50}},"type":"if","locations":[{"start":{"line":95,"column":2},"end":{"line":95,"column":50}},{"start":{},"end":{}}],"line":95},"5":{"loc":{"start":{"line":96,"column":2},"end":{"line":96,"column":62}},"type":"if","locations":[{"start":{"line":96,"column":2},"end":{"line":96,"column":62}},{"start":{},"end":{}}],"line":96}},"s":{"0":1,"1":1,"2":1,"3":33,"4":33,"5":27,"6":3,"7":10,"8":6,"9":12,"10":2,"11":49,"12":46,"13":33,"14":28,"15":18,"16":5,"17":3,"18":2,"19":10,"20":6,"21":12,"22":66,"23":66,"24":33,"25":33,"26":5,"27":28,"28":10,"29":18,"30":6,"31":12,"32":1},"f":{"0":1,"1":33,"2":27,"3":3,"4":10,"5":6,"6":12,"7":2,"8":49,"9":46,"10":33,"11":28,"12":18,"13":5,"14":10,"15":6,"16":12,"17":66,"18":33},"b":{"0":[28,16,9],"1":[18,12,7],"2":[3,2],"3":[5,28],"4":[10,18],"5":[6,12]},"_coverageSchema":"1a1c01bbd47fc00a2c39e90264f33305004495a9","hash":"58b1eefe3ef0e9b46123f3d4729a6afb40d6cae2"}
}
