TN:
SF:tennis1.js
FN:3,getScore1
FNF:1
FNH:1
FNDA:33,getScore1
DA:4,33
DA:5,33
DA:6,33
DA:7,33
DA:8,5
DA:9,28
DA:10,16
DA:11,16
DA:13,12
DA:14,12
DA:16,33
DA:19,1
LF:12
LH:12
BRDA:7,0,0,5
BRDA:7,0,1,28
BRDA:9,1,0,16
BRDA:9,1,1,12
BRDA:9,2,0,28
BRDA:9,2,1,16
BRDA:11,3,0,6
BRDA:11,3,1,10
BRDA:11,4,0,3
BRDA:11,4,1,3
BRDA:11,5,0,5
BRDA:11,5,1,5
BRF:12
BRH:12
end_of_record
TN:
SF:tennis2.js
FN:3,getScore2
FNF:1
FNH:1
FNDA:33,getScore2
DA:4,33
DA:6,33
DA:7,3
DA:8,1
DA:10,3
DA:11,1
DA:13,3
DA:14,1
DA:16,3
DA:18,33
DA:19,2
DA:24,33
DA:25,4
DA:26,1
DA:28,4
DA:29,1
DA:31,4
DA:32,1
DA:35,4
DA:36,4
DA:38,33
DA:39,4
DA:40,1
DA:42,4
DA:43,1
DA:45,4
DA:46,1
DA:49,4
DA:50,4
DA:53,33
DA:54,6
DA:55,2
DA:57,6
DA:58,3
DA:60,6
DA:61,2
DA:63,6
DA:64,1
DA:66,6
DA:68,33
DA:69,6
DA:70,2
DA:72,6
DA:73,3
DA:75,6
DA:76,2
DA:78,6
DA:79,1
DA:81,6
DA:84,33
DA:85,5
DA:88,33
DA:89,5
DA:92,33
DA:93,5
DA:95,33
DA:96,5
DA:98,33
DA:101,1
LF:59
LH:59
BRDA:6,0,0,3
BRDA:6,0,1,30
BRDA:6,1,0,33
BRDA:6,1,1,5
BRDA:7,2,0,1
BRDA:7,2,1,2
BRDA:10,3,0,1
BRDA:10,3,1,2
BRDA:13,4,0,1
BRDA:13,4,1,2
BRDA:18,5,0,2
BRDA:18,5,1,31
BRDA:18,6,0,33
BRDA:18,6,1,5
BRDA:24,7,0,4
BRDA:24,7,1,29
BRDA:24,8,0,33
BRDA:24,8,1,28
BRDA:25,9,0,1
BRDA:25,9,1,3
BRDA:28,10,0,1
BRDA:28,10,1,3
BRDA:31,11,0,1
BRDA:31,11,1,3
BRDA:38,12,0,4
BRDA:38,12,1,29
BRDA:38,13,0,33
BRDA:38,13,1,28
BRDA:39,14,0,1
BRDA:39,14,1,3
BRDA:42,15,0,1
BRDA:42,15,1,3
BRDA:45,16,0,1
BRDA:45,16,1,3
BRDA:53,17,0,6
BRDA:53,17,1,27
BRDA:53,18,0,33
BRDA:53,18,1,14
BRDA:54,19,0,2
BRDA:54,19,1,4
BRDA:57,20,0,3
BRDA:57,20,1,3
BRDA:60,21,0,2
BRDA:60,21,1,4
BRDA:63,22,0,1
BRDA:63,22,1,5
BRDA:68,23,0,6
BRDA:68,23,1,27
BRDA:68,24,0,33
BRDA:68,24,1,14
BRDA:69,25,0,2
BRDA:69,25,1,4
BRDA:72,26,0,3
BRDA:72,26,1,3
BRDA:75,27,0,2
BRDA:75,27,1,4
BRDA:78,28,0,1
BRDA:78,28,1,5
BRDA:84,29,0,5
BRDA:84,29,1,28
BRDA:84,30,0,33
BRDA:84,30,1,14
BRDA:88,31,0,5
BRDA:88,31,1,28
BRDA:88,32,0,33
BRDA:88,32,1,14
BRDA:92,33,0,5
BRDA:92,33,1,28
BRDA:92,34,0,33
BRDA:92,34,1,13
BRDA:92,34,2,13
BRDA:95,35,0,5
BRDA:95,35,1,28
BRDA:95,36,0,33
BRDA:95,36,1,13
BRDA:95,36,2,13
BRF:76
BRH:76
end_of_record
TN:
SF:tennis3.js
FN:3,getScore3
FNF:1
FNH:1
FNDA:33,getScore3
DA:5,33
DA:6,33
DA:7,33
DA:8,15
DA:9,15
DA:10,15
DA:12,18
DA:13,2
DA:15,16
DA:16,16
DA:20,1
LF:11
LH:11
BRDA:7,0,0,15
BRDA:7,0,1,18
BRDA:7,1,0,33
BRDA:7,1,1,20
BRDA:7,1,2,16
BRDA:10,2,0,3
BRDA:10,2,1,12
BRDA:12,3,0,2
BRDA:12,3,1,16
BRDA:15,4,0,8
BRDA:15,4,1,8
BRDA:16,5,0,6
BRDA:16,5,1,10
BRF:13
BRH:13
end_of_record
TN:
SF:tennis4.js
FN:3,(anonymous_0)
FN:19,(anonymous_1)
FN:24,(anonymous_2)
FN:28,(anonymous_3)
FN:32,(anonymous_4)
FN:36,(anonymous_5)
FN:40,(anonymous_6)
FN:44,(anonymous_7)
FN:48,(anonymous_8)
FN:52,(anonymous_9)
FN:56,(anonymous_10)
FN:59,(anonymous_11)
FN:62,(anonymous_12)
FN:66,(anonymous_13)
FN:72,(anonymous_14)
FN:75,(anonymous_15)
FN:79,(anonymous_16)
FN:85,(anonymous_17)
FN:91,getScore4
FNF:19
FNH:19
FNDA:1,(anonymous_0)
FNDA:33,(anonymous_1)
FNDA:27,(anonymous_2)
FNDA:3,(anonymous_3)
FNDA:10,(anonymous_4)
FNDA:6,(anonymous_5)
FNDA:12,(anonymous_6)
FNDA:2,(anonymous_7)
FNDA:49,(anonymous_8)
FNDA:46,(anonymous_9)
FNDA:33,(anonymous_10)
FNDA:28,(anonymous_11)
FNDA:18,(anonymous_12)
FNDA:5,(anonymous_13)
FNDA:10,(anonymous_14)
FNDA:6,(anonymous_15)
FNDA:12,(anonymous_16)
FNDA:66,(anonymous_17)
FNDA:33,getScore4
DA:3,1
DA:4,1
DA:5,1
DA:20,33
DA:21,33
DA:25,27
DA:29,3
DA:33,10
DA:37,6
DA:41,12
DA:45,2
DA:49,49
DA:53,46
DA:57,33
DA:60,28
DA:63,18
DA:67,5
DA:68,3
DA:70,2
DA:73,10
DA:76,6
DA:80,12
DA:86,66
DA:87,66
DA:93,33
DA:94,33
DA:95,28
DA:96,18
DA:97,12
DA:100,1
LF:30
LH:30
BRDA:60,0,0,28
BRDA:60,0,1,16
BRDA:60,0,2,9
BRDA:63,1,0,18
BRDA:63,1,1,12
BRDA:63,1,2,7
BRDA:67,2,0,3
BRDA:67,2,1,2
BRDA:94,3,0,5
BRDA:94,3,1,28
BRDA:95,4,0,10
BRDA:95,4,1,18
BRDA:96,5,0,6
BRDA:96,5,1,12
BRF:14
BRH:14
end_of_record
